<?xml version="1.0" encoding="UTF-8"?>
<!-- Generated by org.testng.reporters.JUnitReportReporter -->
<testsuite hostname="DESKTOP-95QGOG2" failures="0" tests="6" name="com.openmrs.tests.ServiceTypeTest" time="365.061" errors="0" timestamp="02 May 2020 14:37:33 GMT" skipped="0">
  <testcase classname="com.openmrs.tests.ServiceTypeTest" name="T_008_CreateServiceTypes" time="84.810"/>
  <testcase classname="com.openmrs.tests.ServiceTypeTest" name="T_009_VerifyServiceTypes" time="43.677"/>
  <testcase classname="com.openmrs.tests.ServiceTypeTest" name="T_009_VerifyServiceTypes" time="41.957"/>
  <testcase classname="com.openmrs.tests.ServiceTypeTest" name="T_008_CreateServiceTypes" time="81.929"/>
  <testcase classname="com.openmrs.tests.ServiceTypeTest" name="T_009_VerifyServiceTypes" time="41.263"/>
  <testcase classname="com.openmrs.tests.ServiceTypeTest" name="T_008_CreateServiceTypes" time="71.425"/>
</testsuite> <!-- com.openmrs.tests.ServiceTypeTest -->
