<?xml version="1.0" encoding="UTF-8"?>
<!-- Generated by org.testng.reporters.JUnitReportReporter -->
<testsuite hostname="DESKTOP-95QGOG2" failures="0" tests="2" name="com.openmrs.tests.CaptureVitalsTest" time="141.626" errors="0" timestamp="02 May 2020 14:37:33 GMT" skipped="0">
  <testcase classname="com.openmrs.tests.CaptureVitalsTest" name="T_007_VerifyVitals" time="52.445"/>
  <testcase classname="com.openmrs.tests.CaptureVitalsTest" name="T_006_CreateAVisitAndCaptureVitals" time="89.181"/>
</testsuite> <!-- com.openmrs.tests.CaptureVitalsTest -->
