<?xml version="1.0" encoding="UTF-8"?>
<!-- Generated by org.testng.reporters.JUnitReportReporter -->
<testsuite hostname="DESKTOP-95QGOG2" failures="0" tests="2" name="com.openmrs.tests.LoginTest" time="41.047" errors="0" timestamp="13 Apr 2020 06:34:12 GMT" skipped="0">
  <testcase classname="com.openmrs.tests.LoginTest" name="T_001_LoginTest" time="18.674"/>
  <testcase classname="com.openmrs.tests.LoginTest" name="T_002_LogoutTest" time="22.373"/>
</testsuite> <!-- com.openmrs.tests.LoginTest -->
