<?xml version="1.0" encoding="UTF-8"?>
<!-- Generated by org.testng.reporters.JUnitReportReporter -->
<testsuite hostname="DESKTOP-95QGOG2" failures="0" tests="5" name="com.openmrs.tests.ServiceTypeTest" time="251.328" errors="0" timestamp="19 Apr 2020 09:12:13 GMT" skipped="0">
  <testcase classname="com.openmrs.tests.ServiceTypeTest" name="T_009_VerifyServiceTypes" time="53.076"/>
  <testcase classname="com.openmrs.tests.ServiceTypeTest" name="T_008_CreateServiceTypes" time="50.626"/>
  <testcase classname="com.openmrs.tests.ServiceTypeTest" name="T_009_VerifyServiceTypes" time="45.104"/>
  <testcase classname="com.openmrs.tests.ServiceTypeTest" name="T_008_CreateServiceTypes" time="47.798"/>
  <testcase classname="com.openmrs.tests.ServiceTypeTest" name="T_008_CreateServiceTypes" time="54.724"/>
</testsuite> <!-- com.openmrs.tests.ServiceTypeTest -->
