<?xml version="1.0" encoding="UTF-8"?>
<!-- Generated by org.testng.reporters.JUnitReportReporter -->
<testsuite hostname="DESKTOP-95QGOG2" failures="1" tests="3" name="com.openmrs.tests.RegisterPatientTest" time="143.504" errors="0" timestamp="19 Apr 2020 09:12:13 GMT" skipped="0">
  <testcase classname="com.openmrs.tests.RegisterPatientTest" name="T_005_ConfirmPatientRegisteredUsingPatientName" time="26.842">
    <failure message="T_005_ConfirmPatientRegisteredUsingPatientName :: Unable to Find Patient by Patient Name" type="java.lang.AssertionError">
      <![CDATA[java.lang.AssertionError: T_005_ConfirmPatientRegisteredUsingPatientName :: Unable to Find Patient by Patient Name
at org.testng.Assert.fail(Assert.java:96)
at com.openmrs.tests.BaseTest.reportFailure(BaseTest.java:67)
at com.openmrs.tests.RegisterPatientTest.T_005_ConfirmPatientRegisteredUsingPatientName(RegisterPatientTest.java:125)
at java.base/jdk.internal.reflect.NativeMethodAccessorImpl.invoke0(Native Method)
at java.base/jdk.internal.reflect.NativeMethodAccessorImpl.invoke(NativeMethodAccessorImpl.java:62)
at java.base/jdk.internal.reflect.DelegatingMethodAccessorImpl.invoke(DelegatingMethodAccessorImpl.java:43)
at java.base/java.lang.reflect.Method.invoke(Method.java:567)
at org.testng.internal.MethodInvocationHelper.invokeMethod(MethodInvocationHelper.java:124)
at org.testng.internal.Invoker.invokeMethod(Invoker.java:583)
at org.testng.internal.Invoker.invokeTestMethod(Invoker.java:719)
at org.testng.internal.TestMethodWithDataProviderMethodWorker.call(TestMethodWithDataProviderMethodWorker.java:71)
at org.testng.internal.TestMethodWithDataProviderMethodWorker.call(TestMethodWithDataProviderMethodWorker.java:14)
at java.base/java.util.concurrent.FutureTask.run(FutureTask.java:264)
at java.base/java.util.concurrent.Executors$RunnableAdapter.call(Executors.java:515)
at java.base/java.util.concurrent.FutureTask.run(FutureTask.java:264)
at java.base/java.util.concurrent.ThreadPoolExecutor.runWorker(ThreadPoolExecutor.java:1128)
at java.base/java.util.concurrent.ThreadPoolExecutor$Worker.run(ThreadPoolExecutor.java:628)
at java.base/java.lang.Thread.run(Thread.java:830)
]]>
    </failure>
  </testcase> <!-- T_005_ConfirmPatientRegisteredUsingPatientName -->
  <testcase classname="com.openmrs.tests.RegisterPatientTest" name="T_004_ConfirmPatientRegisteredUsingPatientID" time="62.461"/>
  <testcase classname="com.openmrs.tests.RegisterPatientTest" name="T_003_RegisterNewPatient" time="54.201"/>
</testsuite> <!-- com.openmrs.tests.RegisterPatientTest -->
