<?xml version="1.0" encoding="UTF-8"?>
<!-- Generated by org.testng.reporters.JUnitReportReporter -->
<testsuite hostname="DESKTOP-95QGOG2" failures="0" tests="2" name="com.openmrs.tests.CaptureVitalsTest" time="125.338" errors="0" timestamp="19 Apr 2020 09:12:13 GMT" skipped="0">
  <testcase classname="com.openmrs.tests.CaptureVitalsTest" name="T_007_VerifyVitals" time="34.547"/>
  <testcase classname="com.openmrs.tests.CaptureVitalsTest" name="T_006_CreateAVisitAndCaptureVitals" time="90.791"/>
</testsuite> <!-- com.openmrs.tests.CaptureVitalsTest -->
