<?xml version="1.0" encoding="UTF-8"?>
<!-- Generated by org.testng.reporters.JUnitReportReporter -->
<testsuite hostname="DESKTOP-95QGOG2" failures="0" tests="3" name="com.openmrs.tests.RegisterPatientTest" time="230.733" errors="0" timestamp="02 May 2020 14:37:33 GMT" skipped="0">
  <testcase classname="com.openmrs.tests.RegisterPatientTest" name="T_005_ConfirmPatientRegisteredUsingPatientName" time="58.854"/>
  <testcase classname="com.openmrs.tests.RegisterPatientTest" name="T_003_RegisterNewPatient" time="80.850"/>
  <testcase classname="com.openmrs.tests.RegisterPatientTest" name="T_004_ConfirmPatientRegisteredUsingPatientID" time="91.029"/>
</testsuite> <!-- com.openmrs.tests.RegisterPatientTest -->
