<?xml version="1.0" encoding="UTF-8"?>
<!-- Generated by org.testng.reporters.JUnitReportReporter -->
<testsuite hostname="DESKTOP-95QGOG2" failures="0" tests="2" name="com.openmrs.tests.LoginTest" time="71.214" errors="0" timestamp="02 May 2020 12:03:44 GMT" skipped="0">
  <testcase classname="com.openmrs.tests.LoginTest" name="T_001_LoginTest" time="33.013"/>
  <testcase classname="com.openmrs.tests.LoginTest" name="T_002_LogoutTest" time="38.201"/>
</testsuite> <!-- com.openmrs.tests.LoginTest -->
